<?xml version="1.0" encoding="UTF-8"?>
<!-- Generated by org.testng.reporters.JUnitXMLReporter -->
<testsuite ignored="0" hostname="wsa-041-23" failures="0" tests="13" name="Command line test" time="0.046" errors="0" timestamp="2023-10-03T22:10:38 MSK">
  <testcase classname="ApacheTest" name="testAbbreviate10" time="0.01"/>
  <testcase classname="ApacheTest" name="testAbbreviate20" time="0.001"/>
  <testcase classname="MainTest" name="testDivision" time="0.001"/>
  <testcase classname="MainTest" name="testDivision0" time="0.0"/>
  <testcase classname="MainTest" name="testMultiplication" time="0.001"/>
  <testcase classname="MainTest" name="testMultiplication0" time="0.0"/>
  <testcase classname="MainTest" name="testMultiplication1" time="0.001"/>
  <testcase classname="MainTest" name="testSubtraction" time="0.0"/>
  <testcase classname="MainTest" name="testSubtraction0" time="0.001"/>
  <testcase classname="MainTest" name="testSubtractionMin" time="0.0"/>
  <testcase classname="MainTest" name="testSum" time="0.0"/>
  <testcase classname="MainTest" name="testSum0" time="0.0"/>
  <testcase classname="MainTest" name="testSumMax" time="0.0"/>
</testsuite> <!-- Command line test -->
