<?xml version="1.0" encoding="UTF-8"?>
<testng-results ignored="0" total="2" passed="2" failed="0" skipped="0">
  <reporter-output>
  </reporter-output>
  <suite started-at="2023-10-08T18:25:05 MSK" name="GoogleTest" finished-at="2023-10-08T18:25:16 MSK" duration-ms="10916">
    <groups>
    </groups>
    <test started-at="2023-10-08T18:25:05 MSK" name="Command line test" finished-at="2023-10-08T18:25:16 MSK" duration-ms="10916">
      <class name="GoogleTest">
        <test-method signature="LocatorXPath()[pri:0, instance:GoogleTest@61009542]" started-at="2023-10-08T18:25:05 MSK" name="LocatorXPath" finished-at="2023-10-08T18:25:10 MSK" duration-ms="5245" status="PASS">
          <reporter-output>
          </reporter-output>
        </test-method> <!-- LocatorXPath -->
        <test-method signature="useDiffSeleniumLocators()[pri:0, instance:GoogleTest@61009542]" started-at="2023-10-08T18:25:10 MSK" name="useDiffSeleniumLocators" finished-at="2023-10-08T18:25:16 MSK" duration-ms="5644" status="PASS">
          <reporter-output>
          </reporter-output>
        </test-method> <!-- useDiffSeleniumLocators -->
      </class> <!-- GoogleTest -->
    </test> <!-- Command line test -->
  </suite> <!-- GoogleTest -->
</testng-results>
