<?xml version="1.0" encoding="UTF-8" ?>
<testsuite tests="13" failures="0" name="TestSuite" time="0.013" errors="0" skipped="0">
  <properties>
[...]
</properties>
  <testcase classname="ApacheTest" name="testAbbreviate10" time="0.011"/>
  <testcase classname="ApacheTest" name="testAbbreviate20" time="0"/>
  <testcase classname="MainTest" name="testDivision" time="0.001"/>
  <testcase classname="MainTest" name="testDivision0" time="0"/>
  <testcase classname="MainTest" name="testMultiplication" time="0"/>
  <testcase classname="MainTest" name="testMultiplication0" time="0"/>
  <testcase classname="MainTest" name="testMultiplication1" time="0"/>
  <testcase classname="MainTest" name="testSubtraction" time="0"/>
  <testcase classname="MainTest" name="testSubtraction0" time="0"/>
  <testcase classname="MainTest" name="testSubtractionMin" time="0"/>
  <testcase classname="MainTest" name="testSum" time="0"/>
  <testcase classname="MainTest" name="testSum0" time="0"/>
  <testcase classname="MainTest" name="testSumMax" time="0.001"/>
</testsuite>