<?xml version="1.0" encoding="UTF-8"?>
<!-- Generated by org.testng.reporters.JUnitXMLReporter -->
<testsuite ignored="0" hostname="wsa-041-23" failures="0" tests="11" name="Command line test" time="0.034" errors="0" timestamp="2023-10-02T19:47:15 MSK">
  <testcase classname="MainTest" name="testDivision" time="0.004"/>
  <testcase classname="MainTest" name="testDivision0" time="0.001"/>
  <testcase classname="MainTest" name="testMultiplication" time="0.0"/>
  <testcase classname="MainTest" name="testMultiplication0" time="0.0"/>
  <testcase classname="MainTest" name="testMultiplication1" time="0.0"/>
  <testcase classname="MainTest" name="testSubtraction" time="0.0"/>
  <testcase classname="MainTest" name="testSubtraction0" time="0.0"/>
  <testcase classname="MainTest" name="testSubtractionMin" time="0.0"/>
  <testcase classname="MainTest" name="testSum" time="0.001"/>
  <testcase classname="MainTest" name="testSum0" time="0.001"/>
  <testcase classname="MainTest" name="testSumMax" time="0.0"/>
</testsuite> <!-- Command line test -->
